<?xml version="1.0" encoding="UTF-8"?>
<robot generator="Robot 7.0.1 (Python 3.12.3 on win32)" generated="2024-06-28T10:06:50.484730" rpa="false" schemaversion="5">
<suite id="s1" name="ChatGuru" source="C:\chatguru_automation\test\ChatGuru.robot">
<test id="s1-t1" name="Cenário 8: Validar assinatura dos arquivos enviados" line="49">
<kw name="Abrir o navegador" owner="customKeywords" type="SETUP">
<kw name="Open Browser" owner="SeleniumLibrary">
<msg time="2024-06-28T10:06:50.682298" level="INFO">Opening browser 'chrome' to base url 'https://s6.chatguru.app/chats#667af0fb85b7db9f7f865f7f'.</msg>
<arg>url=${URL}</arg>
<arg>browser=${BROWSER}</arg>
<doc>Opens a new browser instance to the optional ``url``.</doc>
<status status="PASS" start="2024-06-28T10:06:50.682298" elapsed="7.268989"/>
</kw>
<kw name="Maximize Browser Window" owner="SeleniumLibrary">
<doc>Maximizes current browser window.</doc>
<status status="PASS" start="2024-06-28T10:06:57.952286" elapsed="0.042477"/>
</kw>
<status status="PASS" start="2024-06-28T10:06:50.682298" elapsed="7.312465"/>
</kw>
<kw name="Dado que sou um usuário logado na plataforma de chat" owner="given">
<kw name="que estou na página de login &quot;https://s6.chatguru.app/login&quot;" owner="given">
<kw name="Wait Until Element Is Visible" owner="SeleniumLibrary">
<arg>${TXT_BOAS_VINDAS_LOGIN}</arg>
<doc>Waits until the element ``locator`` is visible.</doc>
<status status="PASS" start="2024-06-28T10:06:57.996913" elapsed="0.025998"/>
</kw>
<status status="PASS" start="2024-06-28T10:06:57.995902" elapsed="0.027009"/>
</kw>
<kw name="faço login com nome de usuário &quot;seu_usuario&quot; e senha &quot;sua_senha&quot;" owner="when">
<kw name="Wait Until Element Is Visible" owner="SeleniumLibrary">
<arg>${INPUT_EMAIL}</arg>
<doc>Waits until the element ``locator`` is visible.</doc>
<status status="PASS" start="2024-06-28T10:06:58.023911" elapsed="0.018001"/>
</kw>
<kw name="Input Text" owner="SeleniumLibrary">
<msg time="2024-06-28T10:06:58.042919" level="INFO">Typing text 'cintia.avanz@hotmail.com' into text field '//input[contains(@type,'email')]'.</msg>
<arg>${INPUT_EMAIL}</arg>
<arg>cintia.avanz@hotmail.com</arg>
<doc>Types the given ``text`` into the text field identified by ``locator``.</doc>
<status status="PASS" start="2024-06-28T10:06:58.042919" elapsed="0.114992"/>
</kw>
<kw name="Input Password" owner="SeleniumLibrary">
<msg time="2024-06-28T10:06:58.158918" level="INFO">Typing password into text field '//input[contains(@type,'password')]'.</msg>
<msg time="2024-06-28T10:06:58.183344" level="INFO">Temporally setting log level to: NONE</msg>
<arg>${INPUT_SENHA}</arg>
<arg>2w@eYQy4r2y</arg>
<doc>Types the given password into the text field identified by ``locator``.</doc>
<status status="PASS" start="2024-06-28T10:06:58.158918" elapsed="0.075573"/>
</kw>
<kw name="Click Element" owner="SeleniumLibrary">
<msg time="2024-06-28T10:06:58.235522" level="INFO">Clicking element '//button[@class='FormButton'][contains(.,'Login')]'.</msg>
<arg>${BTN_LOGIN}</arg>
<doc>Click the element identified by ``locator``.</doc>
<status status="PASS" start="2024-06-28T10:06:58.234491" elapsed="8.584002"/>
</kw>
<status status="PASS" start="2024-06-28T10:06:58.022911" elapsed="8.795582"/>
</kw>
<kw name="eu clico em &quot;Chats&quot; no menu da barra lateral" owner="when">
<kw name="Wait Until Element Is Visible" owner="SeleniumLibrary">
<arg>${MENU_LATERAL}</arg>
<doc>Waits until the element ``locator`` is visible.</doc>
<status status="PASS" start="2024-06-28T10:07:06.819500" elapsed="0.018030"/>
</kw>
<kw name="Mouse Over" owner="SeleniumLibrary">
<msg time="2024-06-28T10:07:06.838532" level="INFO">Simulating Mouse Over on element '//*[@id="menu_lateral_principal"]'.</msg>
<arg>${MENU_LATERAL}</arg>
<doc>Simulates hovering the mouse over the element ``locator``.</doc>
<status status="PASS" start="2024-06-28T10:07:06.838532" elapsed="0.288698"/>
</kw>
<kw name="Wait Until Element Is Visible" owner="SeleniumLibrary">
<arg>${CHAT_BUTTON}</arg>
<doc>Waits until the element ``locator`` is visible.</doc>
<status status="PASS" start="2024-06-28T10:07:07.127230" elapsed="0.026541"/>
</kw>
<kw name="Click Element" owner="SeleniumLibrary">
<msg time="2024-06-28T10:07:07.154818" level="INFO">Clicking element '//*[@id="menu_lateral_principal"]/li[1]/a/span'.</msg>
<arg>${CHAT_BUTTON}</arg>
<doc>Click the element identified by ``locator``.</doc>
<status status="PASS" start="2024-06-28T10:07:07.154818" elapsed="2.808142"/>
</kw>
<status status="PASS" start="2024-06-28T10:07:06.818493" elapsed="3.144467"/>
</kw>
<status status="PASS" start="2024-06-28T10:06:57.995902" elapsed="11.967058"/>
</kw>
<kw name="E eu enviei um arquivo por mensagem" owner="when">
<kw name="Wait Until Element Is Visible" owner="SeleniumLibrary">
<arg>${CARD_CONTAINER}</arg>
<doc>Waits until the element ``locator`` is visible.</doc>
<status status="PASS" start="2024-06-28T10:07:09.963955" elapsed="0.244817"/>
</kw>
<kw name="Click Element" owner="SeleniumLibrary">
<msg time="2024-06-28T10:07:10.208772" level="INFO">Clicking element 'xpath=//span[@class='user-name'][contains(.,'554189029791')]'.</msg>
<arg>${CARD_CONTAINER}</arg>
<doc>Click the element identified by ``locator``.</doc>
<status status="PASS" start="2024-06-28T10:07:10.208772" elapsed="0.051881"/>
</kw>
<kw name="Wait Until Element Is Visible" owner="SeleniumLibrary">
<arg>${ATTACH_BUTTON}</arg>
<doc>Waits until the element ``locator`` is visible.</doc>
<status status="PASS" start="2024-06-28T10:07:10.260653" elapsed="0.452238"/>
</kw>
<kw name="Click Element" owner="SeleniumLibrary">
<msg time="2024-06-28T10:07:10.713915" level="INFO">Clicking element '//i[@class='uil uil-paperclip']'.</msg>
<arg>${ATTACH_BUTTON}</arg>
<doc>Click the element identified by ``locator``.</doc>
<status status="PASS" start="2024-06-28T10:07:10.713915" elapsed="0.047755"/>
</kw>
<kw name="Join Path" owner="OperatingSystem">
<msg time="2024-06-28T10:07:10.762668" level="INFO">${FILE_TEXT} = C:\chatguru_automation\src\txt\txt.pdf</msg>
<var>${FILE_TEXT}</var>
<arg>${FILE_TEXT}</arg>
<doc>Joins the given path part(s) to the given base path.</doc>
<status status="PASS" start="2024-06-28T10:07:10.762668" elapsed="0.000000"/>
</kw>
<kw name="Choose File" owner="SeleniumLibrary">
<msg time="2024-06-28T10:07:10.762668" level="INFO">Sending C:\chatguru_automation\src\txt\txt.pdf to browser.</msg>
<arg>${UploadFiletest}</arg>
<arg>${FILE_TEXT}</arg>
<doc>Inputs the ``file_path`` into the file input field ``locator``.</doc>
<status status="PASS" start="2024-06-28T10:07:10.762668" elapsed="0.075942"/>
</kw>
<kw name="Wait Until Page Contains Element" owner="SeleniumLibrary">
<arg>${FILE_ATTACHED}</arg>
<doc>Waits until the element ``locator`` appears on the current page.</doc>
<status status="PASS" start="2024-06-28T10:07:10.838610" elapsed="0.014072"/>
</kw>
<kw name="Wait Until Element Is Visible" owner="SeleniumLibrary">
<arg>${SEND_ATTACH}</arg>
<doc>Waits until the element ``locator`` is visible.</doc>
<status status="PASS" start="2024-06-28T10:07:10.852682" elapsed="0.239864"/>
</kw>
<kw name="Sleep" owner="BuiltIn">
<msg time="2024-06-28T10:07:16.094169" level="INFO">Slept 5 seconds.</msg>
<arg>5s</arg>
<doc>Pauses the test executed for the given time.</doc>
<status status="PASS" start="2024-06-28T10:07:11.093542" elapsed="5.000627"/>
</kw>
<kw name="Click Element" owner="SeleniumLibrary">
<msg time="2024-06-28T10:07:16.095181" level="INFO">Clicking element 'xpath=//button[contains(.,'Enviar Arquivos')]'.</msg>
<arg>${SEND_ATTACH}</arg>
<doc>Click the element identified by ``locator``.</doc>
<status status="PASS" start="2024-06-28T10:07:16.094169" elapsed="0.039666"/>
</kw>
<kw name="Sleep" owner="BuiltIn">
<msg time="2024-06-28T10:07:21.135681" level="INFO">Slept 5 seconds.</msg>
<arg>5s</arg>
<doc>Pauses the test executed for the given time.</doc>
<status status="PASS" start="2024-06-28T10:07:16.134835" elapsed="5.000846"/>
</kw>
<status status="PASS" start="2024-06-28T10:07:09.962960" elapsed="11.172721"/>
</kw>
<kw name="Quando valido o arquivo" owner="when">
<kw name="Wait Until Element Is Visible" owner="SeleniumLibrary">
<arg>${DOWLOAD_ULT_MSG_RECEBIDA}</arg>
<doc>Waits until the element ``locator`` is visible.</doc>
<status status="PASS" start="2024-06-28T10:07:21.138601" elapsed="0.023554"/>
</kw>
<kw name="Click Element" owner="SeleniumLibrary">
<msg time="2024-06-28T10:07:21.162155" level="INFO">Clicking element 'xpath=(//button[@class='btn btn-sm btn-light float-right mt-1'])[last()]'.</msg>
<arg>${DOWLOAD_ULT_MSG_RECEBIDA}</arg>
<doc>Click the element identified by ``locator``.</doc>
<status status="PASS" start="2024-06-28T10:07:21.162155" elapsed="0.044001"/>
</kw>
<status status="PASS" start="2024-06-28T10:07:21.137607" elapsed="0.068549"/>
</kw>
<kw name="Então verifico que ele foi assinado pela AWS S3" owner="then">
<kw name="Sleep" owner="BuiltIn">
<msg time="2024-06-28T10:07:26.207331" level="INFO">Slept 5 seconds.</msg>
<arg>5s</arg>
<doc>Pauses the test executed for the given time.</doc>
<status status="PASS" start="2024-06-28T10:07:21.207157" elapsed="5.000174"/>
</kw>
<kw name="Get Location" owner="SeleniumLibrary">
<msg time="2024-06-28T10:07:26.217864" level="INFO">${NEW_URL} = https://s6.chatguru.app/chats#667af0fb85b7db9f7f865f7f</msg>
<var>${NEW_URL}</var>
<doc>Returns the current browser window URL.</doc>
<status status="PASS" start="2024-06-28T10:07:26.207850" elapsed="0.010014"/>
</kw>
<kw name="Log" owner="BuiltIn">
<msg time="2024-06-28T10:07:26.218867" level="INFO">https://s6.chatguru.app/chats#667af0fb85b7db9f7f865f7f</msg>
<arg>${NEW_URL}</arg>
<doc>Logs the given message with the given level.</doc>
<status status="PASS" start="2024-06-28T10:07:26.217864" elapsed="0.001003"/>
</kw>
<kw name="Should Contain" owner="BuiltIn">
<msg time="2024-06-28T10:07:26.218867" level="FAIL">'https://s6.chatguru.app/chats#667af0fb85b7db9f7f865f7f' does not contain 's3.amazonaws'</msg>
<arg>${NEW_URL}</arg>
<arg>s3.amazonaws</arg>
<doc>Fails if ``container`` does not contain ``item`` one or more times.</doc>
<status status="FAIL" start="2024-06-28T10:07:26.218867" elapsed="0.000000">'https://s6.chatguru.app/chats#667af0fb85b7db9f7f865f7f' does not contain 's3.amazonaws'</status>
</kw>
<status status="FAIL" start="2024-06-28T10:07:21.206156" elapsed="5.013708">'https://s6.chatguru.app/chats#667af0fb85b7db9f7f865f7f' does not contain 's3.amazonaws'</status>
</kw>
<kw name="Fechar o navegador" owner="customKeywords" type="TEARDOWN">
<kw name="Close Browser" owner="SeleniumLibrary">
<doc>Closes the current browser.</doc>
<status status="PASS" start="2024-06-28T10:07:26.220883" elapsed="2.237160"/>
</kw>
<status status="PASS" start="2024-06-28T10:07:26.219864" elapsed="2.238179"/>
</kw>
<tag>chatguru</tag>
<status status="FAIL" start="2024-06-28T10:06:50.681271" elapsed="37.777333">'https://s6.chatguru.app/chats#667af0fb85b7db9f7f865f7f' does not contain 's3.amazonaws'</status>
</test>
<status status="FAIL" start="2024-06-28T10:06:50.485920" elapsed="37.975704"/>
</suite>
<statistics>
<total>
<stat pass="0" fail="1" skip="0">All Tests</stat>
</total>
<tag>
<stat pass="0" fail="1" skip="0">chatguru</stat>
</tag>
<suite>
<stat pass="0" fail="1" skip="0" id="s1" name="ChatGuru">ChatGuru</stat>
</suite>
</statistics>
<errors>
</errors>
</robot>
